compilation.txt generated by mod at 2025-06-16 19:39:43 (script run: 2025-06-16 19:39:43)
2025-06-16 19:39:43  - Starting XINU Build Process...
2025-06-16 19:39:43  - Cleaning previous build...
2025-06-16 19:39:43  - Removed /home/mod/School/Graduate-School/CIS657/FINAL/xinu_stddefs.h
2025-06-16 19:39:43  - Removed /home/mod/School/Graduate-School/CIS657/FINAL/xinu_includes.h
2025-06-16 19:39:43  - Removed /home/mod/School/Graduate-School/CIS657/FINAL/xinu_sim_declarations.h
2025-06-16 19:39:43  - Removed /home/mod/School/Graduate-School/CIS657/FINAL/xinu_simulation.c
2025-06-16 19:39:43  - Removed /home/mod/School/Graduate-School/CIS657/FINAL/sim_output/obj
2025-06-16 19:39:43  - WARNING: Template file not found: /home/mod/School/Graduate-School/CIS657/FINAL/xinu_builder/templates/XINU_STDDEFS_H.tmpl
2025-06-16 19:39:43  - Attempting to load templates from combined file: /home/mod/School/Graduate-School/CIS657/FINAL/xinu_builder/templates/xinu_templates.tmpl
2025-06-16 19:39:43  - ERROR: Template file not found: /home/mod/School/Graduate-School/CIS657/FINAL/xinu_builder/templates/xinu_templates.tmpl
2025-06-16 19:39:43  - Using fallback hardcoded templates
2025-06-16 19:39:43  - Generated XINU stddefs: /home/mod/School/Graduate-School/CIS657/FINAL/xinu_stddefs.h
2025-06-16 19:39:43  - Updated module includes in /home/mod/School/Graduate-School/CIS657/FINAL/include/xinu.h
2025-06-16 19:39:43  - WARNING: Module include order is ALPHABETICAL and may NOT respect dependencies!
2025-06-16 19:39:43  - Generated UNIX-like simulation includes wrapper at: /home/mod/School/Graduate-School/CIS657/FINAL/xinu_includes.h
2025-06-16 19:39:43  - Generated UNIX-like simulation declarations at: /home/mod/School/Graduate-School/CIS657/FINAL/xinu_sim_declarations.h
2025-06-16 19:39:43  - Generated UNIX-like simulation helper at: /home/mod/School/Graduate-School/CIS657/FINAL/xinu_simulation.c
2025-06-16 19:39:43  - Automatically inserting missing includes in source files...
2025-06-16 19:39:43  - Collecting XINU C source files...
2025-06-16 19:39:43  - Warning: Source file '/home/mod/School/Graduate-School/CIS657/FINAL/system/ttyControl.c' listed in Makefile not found.
2025-06-16 19:39:43  - Warning: Source file '/home/mod/School/Graduate-School/CIS657/FINAL/system/ttyGetc.c' listed in Makefile not found.
2025-06-16 19:39:43  - Warning: Source file '/home/mod/School/Graduate-School/CIS657/FINAL/system/ttyInit.c' listed in Makefile not found.
2025-06-16 19:39:43  - Warning: Source file '/home/mod/School/Graduate-School/CIS657/FINAL/system/ttyInter_in.c' listed in Makefile not found.
2025-06-16 19:39:43  - Warning: Source file '/home/mod/School/Graduate-School/CIS657/FINAL/system/ttyInter_out.c' listed in Makefile not found.
2025-06-16 19:39:43  - Warning: Source file '/home/mod/School/Graduate-School/CIS657/FINAL/system/ttyInterrupt.c' listed in Makefile not found.
2025-06-16 19:39:43  - Warning: Source file '/home/mod/School/Graduate-School/CIS657/FINAL/system/ttyKickOut.c' listed in Makefile not found.
2025-06-16 19:39:43  - Warning: Source file '/home/mod/School/Graduate-School/CIS657/FINAL/system/ttyPutc.c' listed in Makefile not found.
2025-06-16 19:39:43  - Warning: Source file '/home/mod/School/Graduate-School/CIS657/FINAL/system/ttyRead.c' listed in Makefile not found.
2025-06-16 19:39:43  - Warning: Source file '/home/mod/School/Graduate-School/CIS657/FINAL/system/ttyWrite.c' listed in Makefile not found.
2025-06-16 19:39:43  - Warning: Source file '/home/mod/School/Graduate-School/CIS657/FINAL/system/addargs.c' listed in Makefile not found.
2025-06-16 19:39:43  - Warning: Source file '/home/mod/School/Graduate-School/CIS657/FINAL/system/lexan.c' listed in Makefile not found.
2025-06-16 19:39:43  - Warning: Source file '/home/mod/School/Graduate-School/CIS657/FINAL/system/shell.c' listed in Makefile not found.
2025-06-16 19:39:43  - Warning: Source file '/home/mod/School/Graduate-School/CIS657/FINAL/system/xsh_argecho.c' listed in Makefile not found.
2025-06-16 19:39:43  - Warning: Source file '/home/mod/School/Graduate-School/CIS657/FINAL/system/xsh_cat.c' listed in Makefile not found.
2025-06-16 19:39:43  - Warning: Source file '/home/mod/School/Graduate-School/CIS657/FINAL/system/xsh_clear.c' listed in Makefile not found.
2025-06-16 19:39:43  - Warning: Source file '/home/mod/School/Graduate-School/CIS657/FINAL/system/xsh_uptime.c' listed in Makefile not found.
2025-06-16 19:39:43  - Warning: Source file '/home/mod/School/Graduate-School/CIS657/FINAL/system/xsh_echo.c' listed in Makefile not found.
2025-06-16 19:39:43  - Warning: Source file '/home/mod/School/Graduate-School/CIS657/FINAL/system/xsh_exit.c' listed in Makefile not found.
2025-06-16 19:39:43  - Warning: Source file '/home/mod/School/Graduate-School/CIS657/FINAL/system/xsh_devdump.c' listed in Makefile not found.
2025-06-16 19:39:43  - Warning: Source file '/home/mod/School/Graduate-School/CIS657/FINAL/system/xsh_help.c' listed in Makefile not found.
2025-06-16 19:39:43  - Warning: Source file '/home/mod/School/Graduate-School/CIS657/FINAL/system/xsh_kill.c' listed in Makefile not found.
2025-06-16 19:39:43  - Warning: Source file '/home/mod/School/Graduate-School/CIS657/FINAL/system/xsh_memdump.c' listed in Makefile not found.
2025-06-16 19:39:43  - Warning: Source file '/home/mod/School/Graduate-School/CIS657/FINAL/system/xsh_ps.c' listed in Makefile not found.
2025-06-16 19:39:43  - Warning: Source file '/home/mod/School/Graduate-School/CIS657/FINAL/system/xsh_sleep.c' listed in Makefile not found.
2025-06-16 19:39:43  - Warning: Source file '/home/mod/School/Graduate-School/CIS657/FINAL/system/xsh_memstat.c' listed in Makefile not found.
2025-06-16 19:39:43  - Warning: Source file '/home/mod/School/Graduate-School/CIS657/FINAL/system/pstarv_globals.c' listed in Makefile not found.
2025-06-16 19:39:43  - Warning: Source file '/home/mod/School/Graduate-School/CIS657/FINAL/system/p1_process_q1.c' listed in Makefile not found.
2025-06-16 19:39:43  - Warning: Source file '/home/mod/School/Graduate-School/CIS657/FINAL/system/p2_process_q1.c' listed in Makefile not found.
2025-06-16 19:39:43  - Warning: Source file '/home/mod/School/Graduate-School/CIS657/FINAL/system/pstarv_process_q1.c' listed in Makefile not found.
2025-06-16 19:39:43  - Warning: Source file '/home/mod/School/Graduate-School/CIS657/FINAL/system/starvation_shell_q1.c' listed in Makefile not found.
2025-06-16 19:39:43  - Warning: Source file '/home/mod/School/Graduate-School/CIS657/FINAL/system/p1_process.c' listed in Makefile not found.
2025-06-16 19:39:43  - Warning: Source file '/home/mod/School/Graduate-School/CIS657/FINAL/system/p2_process.c' listed in Makefile not found.
2025-06-16 19:39:43  - Warning: Source file '/home/mod/School/Graduate-School/CIS657/FINAL/system/pstarv_process.c' listed in Makefile not found.
2025-06-16 19:39:43  - Warning: Source file '/home/mod/School/Graduate-School/CIS657/FINAL/system/starvation_shell.c' listed in Makefile not found.
2025-06-16 19:39:43  - Warning: Source file '/home/mod/School/Graduate-School/CIS657/FINAL/system/%.c' listed in Makefile not found.
2025-06-16 19:39:43  - Warning: Source file '/home/mod/School/Graduate-School/CIS657/FINAL/device/tty/addargs.c' listed in Makefile not found.
2025-06-16 19:39:43  - Warning: Source file '/home/mod/School/Graduate-School/CIS657/FINAL/device/tty/lexan.c' listed in Makefile not found.
2025-06-16 19:39:43  - Warning: Source file '/home/mod/School/Graduate-School/CIS657/FINAL/device/tty/shell.c' listed in Makefile not found.
2025-06-16 19:39:43  - Warning: Source file '/home/mod/School/Graduate-School/CIS657/FINAL/device/tty/xsh_argecho.c' listed in Makefile not found.
2025-06-16 19:39:43  - Warning: Source file '/home/mod/School/Graduate-School/CIS657/FINAL/device/tty/xsh_cat.c' listed in Makefile not found.
2025-06-16 19:39:43  - Warning: Source file '/home/mod/School/Graduate-School/CIS657/FINAL/device/tty/xsh_clear.c' listed in Makefile not found.
2025-06-16 19:39:43  - Warning: Source file '/home/mod/School/Graduate-School/CIS657/FINAL/device/tty/xsh_uptime.c' listed in Makefile not found.
2025-06-16 19:39:43  - Warning: Source file '/home/mod/School/Graduate-School/CIS657/FINAL/device/tty/xsh_echo.c' listed in Makefile not found.
2025-06-16 19:39:43  - Warning: Source file '/home/mod/School/Graduate-School/CIS657/FINAL/device/tty/xsh_exit.c' listed in Makefile not found.
2025-06-16 19:39:43  - Warning: Source file '/home/mod/School/Graduate-School/CIS657/FINAL/device/tty/xsh_devdump.c' listed in Makefile not found.
2025-06-16 19:39:43  - Warning: Source file '/home/mod/School/Graduate-School/CIS657/FINAL/device/tty/xsh_help.c' listed in Makefile not found.
2025-06-16 19:39:43  - Warning: Source file '/home/mod/School/Graduate-School/CIS657/FINAL/device/tty/xsh_kill.c' listed in Makefile not found.
2025-06-16 19:39:43  - Warning: Source file '/home/mod/School/Graduate-School/CIS657/FINAL/device/tty/xsh_memdump.c' listed in Makefile not found.
2025-06-16 19:39:43  - Warning: Source file '/home/mod/School/Graduate-School/CIS657/FINAL/device/tty/xsh_ps.c' listed in Makefile not found.
2025-06-16 19:39:43  - Warning: Source file '/home/mod/School/Graduate-School/CIS657/FINAL/device/tty/xsh_sleep.c' listed in Makefile not found.
2025-06-16 19:39:43  - Warning: Source file '/home/mod/School/Graduate-School/CIS657/FINAL/device/tty/xsh_memstat.c' listed in Makefile not found.
2025-06-16 19:39:43  - Warning: Source file '/home/mod/School/Graduate-School/CIS657/FINAL/device/tty/pstarv_globals.c' listed in Makefile not found.
2025-06-16 19:39:43  - Warning: Source file '/home/mod/School/Graduate-School/CIS657/FINAL/device/tty/p1_process_q1.c' listed in Makefile not found.
2025-06-16 19:39:43  - Warning: Source file '/home/mod/School/Graduate-School/CIS657/FINAL/device/tty/p2_process_q1.c' listed in Makefile not found.
2025-06-16 19:39:43  - Warning: Source file '/home/mod/School/Graduate-School/CIS657/FINAL/device/tty/pstarv_process_q1.c' listed in Makefile not found.
2025-06-16 19:39:43  - Warning: Source file '/home/mod/School/Graduate-School/CIS657/FINAL/device/tty/starvation_shell_q1.c' listed in Makefile not found.
2025-06-16 19:39:43  - Warning: Source file '/home/mod/School/Graduate-School/CIS657/FINAL/device/tty/p1_process.c' listed in Makefile not found.
2025-06-16 19:39:43  - Warning: Source file '/home/mod/School/Graduate-School/CIS657/FINAL/device/tty/p2_process.c' listed in Makefile not found.
2025-06-16 19:39:43  - Warning: Source file '/home/mod/School/Graduate-School/CIS657/FINAL/device/tty/pstarv_process.c' listed in Makefile not found.
2025-06-16 19:39:43  - Warning: Source file '/home/mod/School/Graduate-School/CIS657/FINAL/device/tty/starvation_shell.c' listed in Makefile not found.
2025-06-16 19:39:43  - Warning: Source file '/home/mod/School/Graduate-School/CIS657/FINAL/device/tty/%.c' listed in Makefile not found.
2025-06-16 19:39:43  - Warning: Source file '/home/mod/School/Graduate-School/CIS657/FINAL/device/tty/../system/conf.c' listed in Makefile not found.
2025-06-16 19:39:43  - Warning: Source file '/home/mod/School/Graduate-School/CIS657/FINAL/device/tty/../system/conf.c' listed in Makefile not found.
2025-06-16 19:39:43  - Warning: Source file '/home/mod/School/Graduate-School/CIS657/FINAL/device/tty/conf.c' listed in Makefile not found.
2025-06-16 19:39:43  - Warning: Source file '/home/mod/School/Graduate-School/CIS657/FINAL/device/tty/../system/conf.c' listed in Makefile not found.
2025-06-16 19:39:43  - Warning: Source file '/home/mod/School/Graduate-School/CIS657/FINAL/device/tty/../system/initialize.c' listed in Makefile not found.
2025-06-16 19:39:43  - Warning: Source file '/home/mod/School/Graduate-School/CIS657/FINAL/device/tty/../system/initialize.c' listed in Makefile not found.
2025-06-16 19:39:43  - Warning: Source file '/home/mod/School/Graduate-School/CIS657/FINAL/shell/%.c' listed in Makefile not found.
2025-06-16 19:39:43  - Warning: Source file '/home/mod/School/Graduate-School/CIS657/FINAL/shell/conf.c' listed in Makefile not found.
2025-06-16 19:39:43  - Total XINU C source files for compilation: 108
2025-06-16 19:39:43  - Building XINU Core Process...
2025-06-16 19:39:43  - /home/mod/School/Graduate-School/CIS657/FINAL/include/conf.h:24:9: error: unknown type name ‘byte’
2025-06-16 19:39:43  - /home/mod/School/Graduate-School/CIS657/FINAL/include/kernel.h:13:29: error: conflicting types for ‘int8’; have ‘char’
2025-06-16 19:39:43  - /home/mod/School/Graduate-School/CIS657/FINAL/xinu_builder/templates/xinu_pre.h:58:28: error: expected declaration specifiers or ‘...’ before ‘(’ token
2025-06-16 19:39:43  - /home/mod/School/Graduate-School/CIS657/FINAL/xinu_builder/templates/xinu_pre.h:58:33: error: expected declaration specifiers or ‘...’ before numeric constant
2025-06-16 19:39:43  - /home/mod/School/Graduate-School/CIS657/FINAL/xinu_builder/templates/xinu_pre.h:58:36: error: expected declaration specifiers or ‘...’ before ‘(’ token
2025-06-16 19:39:43  - /home/mod/School/Graduate-School/CIS657/FINAL/include/conf.h:24:9: error: unknown type name ‘byte’
2025-06-16 19:39:43  - /home/mod/School/Graduate-School/CIS657/FINAL/include/kernel.h:13:29: error: conflicting types for ‘int8’; have ‘char’
2025-06-16 19:39:43  - /home/mod/School/Graduate-School/CIS657/FINAL/xinu_builder/templates/xinu_pre.h:58:28: error: expected declaration specifiers or ‘...’ before ‘(’ token
2025-06-16 19:39:43  - /home/mod/School/Graduate-School/CIS657/FINAL/xinu_builder/templates/xinu_pre.h:58:33: error: expected declaration specifiers or ‘...’ before numeric constant
2025-06-16 19:39:43  - /home/mod/School/Graduate-School/CIS657/FINAL/xinu_builder/templates/xinu_pre.h:58:36: error: expected declaration specifiers or ‘...’ before ‘(’ token
2025-06-16 19:39:43  - /home/mod/School/Graduate-School/CIS657/FINAL/include/conf.h:24:9: error: unknown type name ‘byte’
2025-06-16 19:39:43  - /home/mod/School/Graduate-School/CIS657/FINAL/include/kernel.h:13:29: error: conflicting types for ‘int8’; have ‘char’
2025-06-16 19:39:43  - /home/mod/School/Graduate-School/CIS657/FINAL/xinu_builder/templates/xinu_pre.h:58:28: error: expected declaration specifiers or ‘...’ before ‘(’ token
2025-06-16 19:39:43  - /home/mod/School/Graduate-School/CIS657/FINAL/xinu_builder/templates/xinu_pre.h:58:33: error: expected declaration specifiers or ‘...’ before numeric constant
2025-06-16 19:39:43  - /home/mod/School/Graduate-School/CIS657/FINAL/xinu_builder/templates/xinu_pre.h:58:36: error: expected declaration specifiers or ‘...’ before ‘(’ token
2025-06-16 19:39:43  - /home/mod/School/Graduate-School/CIS657/FINAL/include/conf.h:24:9: error: unknown type name ‘byte’
2025-06-16 19:39:43  - /home/mod/School/Graduate-School/CIS657/FINAL/include/kernel.h:13:29: error: conflicting types for ‘int8’; have ‘char’
2025-06-16 19:39:43  - /home/mod/School/Graduate-School/CIS657/FINAL/xinu_builder/templates/xinu_pre.h:58:28: error: expected declaration specifiers or ‘...’ before ‘(’ token
2025-06-16 19:39:43  - /home/mod/School/Graduate-School/CIS657/FINAL/xinu_builder/templates/xinu_pre.h:58:33: error: expected declaration specifiers or ‘...’ before numeric constant
2025-06-16 19:39:43  - /home/mod/School/Graduate-School/CIS657/FINAL/xinu_builder/templates/xinu_pre.h:58:36: error: expected declaration specifiers or ‘...’ before ‘(’ token
2025-06-16 19:39:43  - Compilation aborted after 20 errors (limit: 20).
2025-06-16 19:39:43  - No object files generated. Compilation failed.
2025-06-16 19:39:43  - Build failed. See log for details.
